#
# There is insufficient memory for the Java Runtime Environment to continue.
# Native memory allocation (mmap) failed to map 11534336 bytes for Failed to commit area from 0x000000008dc00000 to 0x000000008e700000 of length 11534336.
# Possible reasons:
#   The system is out of physical RAM or swap space
#   The process is running with CompressedOops enabled, and the Java Heap may be blocking the growth of the native heap
# Possible solutions:
#   Reduce memory load on the system
#   Increase physical memory or swap space
#   Check if swap backing store is full
#   Decrease Java heap size (-Xmx/-Xms)
#   Decrease number of Java threads
#   Decrease Java thread stack sizes (-Xss)
#   Set larger code cache with -XX:ReservedCodeCacheSize=
#   JVM is running with Unscaled Compressed Oops mode in which the Java heap is
#     placed in the first 4GB address space. The Java Heap base address is the
#     maximum limit for the native heap growth. Please use -XX:HeapBaseMinAddress
#     to set the Java Heap base and to place the Java Heap above 4GB virtual address.
# This output file may be truncated or incomplete.
#
#  Out of Memory Error (t:/workspace/open/src/hotspot/os/windows/os_windows.cpp:3315), pid=8240, tid=6820
#
# JRE version: Java(TM) SE Runtime Environment (14.0+36) (build 14+36-1461)
# Java VM: Java HotSpot(TM) 64-Bit Server VM (14+36-1461, mixed mode, sharing, tiered, compressed oops, g1 gc, windows-amd64)
# No core dump will be written. Minidumps are not enabled by default on client versions of Windows
#

---------------  S U M M A R Y ------------

Command Line: -XX:TieredStopAtLevel=1 -Xverify:none -XX:TieredStopAtLevel=1 com.microservices.currency.exchange.service.Application

Host: Intel(R) Pentium(R) CPU  N3540  @ 2.16GHz, 4 cores, 7G,  Windows 8.1 , 64 bit Build 9600 (6.3.9600.17415)
Time: Thu Apr  7 14:18:30 2022 FLE Daylight Time elapsed time: 197 seconds (0d 0h 3m 17s)

---------------  T H R E A D  ---------------

Current thread (0x0000003da192c000):  VMThread "VM Thread" [stack: 0x0000003da2350000,0x0000003da2450000] [id=6820]

Stack: [0x0000003da2350000,0x0000003da2450000]
[error occurred during error reporting (printing stack bounds), id 0xc0000005, EXCEPTION_ACCESS_VIOLATION (0xc0000005) at pc=0x0000003d8b5d10be]

Native frames: (J=compiled Java code, j=interpreted, Vv=VM code, C=native code)
V  [jvm.dll+0x5f83ea]
V  [jvm.dll+0x741e2a]
V  [jvm.dll+0x7435df]
V  [jvm.dll+0x743b85]
V  [jvm.dll+0x743b3b]
V  [jvm.dll+0x5f791f]
V  [jvm.dll+0x5f8088]
C  [ntdll.dll+0x933fd]
C  [ntdll.dll+0x54847]
C  [ntdll.dll+0x9258a]
C  0x0000003d8b5d10be

VM_Operation (0x0000003d9f20fc90): G1Concurrent, mode: safepoint, requested by thread 0x0000003d82ebe800


---------------  P R O C E S S  ---------------

Threads class SMR info:
_java_thread_list=0x0000003daa011100, length=17, elements={
0x0000003da1932800, 0x0000003da1937000, 0x0000003da194e000, 0x0000003da2830800,
0x0000003da2833800, 0x0000003da2834800, 0x0000003da2837000, 0x0000003da29fa800,
0x0000003da29fd000, 0x0000003da9df5800, 0x0000003da9df4000, 0x0000003da9def000,
0x0000003da9df0000, 0x0000003da9dee800, 0x0000003da9df3000, 0x0000003da9df0800,
0x0000003da9df1800
}

Java Threads: ( => current thread )
  0x0000003da1932800 JavaThread "Reference Handler" daemon [_thread_blocked, id=5768, stack(0x0000003da2450000,0x0000003da2550000)]
  0x0000003da1937000 JavaThread "Finalizer" daemon [_thread_blocked, id=1164, stack(0x0000003da2550000,0x0000003da2650000)]
  0x0000003da194e000 JavaThread "Signal Dispatcher" daemon [_thread_blocked, id=3656, stack(0x0000003da2730000,0x0000003da2830000)]
  0x0000003da2830800 JavaThread "Attach Listener" daemon [_thread_blocked, id=6160, stack(0x0000003da2c30000,0x0000003da2d30000)]
  0x0000003da2833800 JavaThread "Service Thread" daemon [_thread_blocked, id=4172, stack(0x0000003da2d30000,0x0000003da2e30000)]
  0x0000003da2834800 JavaThread "C1 CompilerThread0" daemon [_thread_blocked, id=8096, stack(0x0000003da2e30000,0x0000003da2f30000)]
  0x0000003da2837000 JavaThread "Sweeper thread" daemon [_thread_blocked, id=2836, stack(0x0000003da2f30000,0x0000003da3030000)]
  0x0000003da29fa800 JavaThread "Notification Thread" daemon [_thread_blocked, id=9260, stack(0x0000003da3030000,0x0000003da3130000)]
  0x0000003da29fd000 JavaThread "Common-Cleaner" daemon [_thread_blocked, id=3560, stack(0x0000003da3230000,0x0000003da3330000)]
  0x0000003da9df5800 JavaThread "DestroyJavaVM" [_thread_blocked, id=2652, stack(0x0000003d82500000,0x0000003d82600000)]
  0x0000003da9df4000 JavaThread "Thread-16" [_thread_blocked, id=10204, stack(0x0000003da5100000,0x0000003da5200000)]
  0x0000003da9def000 JavaThread "restartedMain" [_thread_blocked, id=1516, stack(0x0000003da84b0000,0x0000003da85b0000)]
  0x0000003da9df0000 JavaThread "HikariPool-4 housekeeper" daemon [_thread_blocked, id=1948, stack(0x0000003da5200000,0x0000003da5300000)]
  0x0000003da9dee800 JavaThread "spring.cloud.inetutils" daemon [_thread_blocked, id=8108, stack(0x0000003da87b0000,0x0000003da88b0000)]
  0x0000003da9df3000 JavaThread "Catalina-utility-1" [_thread_blocked, id=3460, stack(0x0000003da8ab0000,0x0000003da8bb0000)]
  0x0000003da9df0800 JavaThread "Catalina-utility-2" [_thread_blocked, id=7608, stack(0x0000003da8bb0000,0x0000003da8cb0000)]
  0x0000003da9df1800 JavaThread "container-0" [_thread_blocked, id=2616, stack(0x0000003daaa80000,0x0000003daab80000)]

Other Threads:
=>0x0000003da192c000 VMThread "VM Thread" [stack: 0x0000003da2350000,0x0000003da2450000] [id=6820]
  0x0000003da29fc000 WatcherThread [stack: 0x0000003da3130000,0x0000003da3230000] [id=9988]
  0x0000003d82ead000 GCTaskThread "GC Thread#0" [stack: 0x0000003d82c70000,0x0000003d82d70000] [id=9144]
  0x0000003da2c27000 GCTaskThread "GC Thread#1" [stack: 0x0000003da3b30000,0x0000003da3c30000] [id=8232]
  0x0000003da2c27800 GCTaskThread "GC Thread#2" [stack: 0x0000003da3c30000,0x0000003da3d30000] [id=2600]
  0x0000003da3b2e800 GCTaskThread "GC Thread#3" [stack: 0x0000003da5300000,0x0000003da5400000] [id=8412]
  0x0000003d82ebe800 ConcurrentGCThread "G1 Main Marker" [stack: 0x0000003d9f110000,0x0000003d9f210000] [id=8248]
  0x0000003d82ebf800 ConcurrentGCThread "G1 Conc#0" [stack: 0x0000003d9f210000,0x0000003d9f310000] [id=7992]
  0x0000003da179d800 ConcurrentGCThread "G1 Refine#0" [stack: 0x0000003da1950000,0x0000003da1a50000] [id=8552]
  0x0000003da4e88800 ConcurrentGCThread "G1 Refine#1" [stack: 0x0000003da68e0000,0x0000003da69e0000] [id=6436]
  0x0000003da179e800 ConcurrentGCThread "G1 Young RemSet Sampling" [stack: 0x0000003da1a50000,0x0000003da1b50000] [id=10076]

Threads with active compile tasks:

VM state:at safepoint (normal execution)

VM Mutex/Monitor currently owned by a thread:  ([mutex/lock_event])
[0x0000003d82e65460] Threads_lock - owner thread: 0x0000003da192c000
[0x0000003d82e66810] Heap_lock - owner thread: 0x0000003d82ebe800

Heap address: 0x0000000081a00000, size: 2022 MB, Compressed Oops mode: 32-bit
Narrow klass base: 0x0000000800000000, Narrow klass shift: 3
Compressed class space size: 1073741824 Address: 0x0000000800b30000

Heap:
 garbage-first heap   total 209920K, used 120876K [0x0000000081a00000, 0x0000000100000000)
  region size 1024K, 32 young (32768K), 6 survivors (6144K)
 Metaspace       used 69180K, capacity 71721K, committed 71924K, reserved 1110016K
  class space    used 9526K, capacity 10550K, committed 10572K, reserved 1048576K
Heap Regions: E=young(eden), S=young(survivor), O=old, HS=humongous(starts), HC=humongous(continues), CS=collection set, F=free, OA=open archive, CA=closed archive, TAMS=top-at-mark-start (previous, next)
|   0|0x0000000081a00000, 0x0000000081b00000, 0x0000000081b00000|100%|HS|  |TAMS 0x0000000081b00000, 0x0000000081a00000| Complete 
|   1|0x0000000081b00000, 0x0000000081bfff20, 0x0000000081c00000| 99%| O|  |TAMS 0x0000000081bfff20, 0x0000000081b00000| Updating 
|   2|0x0000000081c00000, 0x0000000081cfa980, 0x0000000081d00000| 97%| O|  |TAMS 0x0000000081cfa980, 0x0000000081c00000| Updating 
|   3|0x0000000081d00000, 0x0000000081dfc988, 0x0000000081e00000| 98%| O|  |TAMS 0x0000000081dfc988, 0x0000000081d00000| Updating 
|   4|0x0000000081e00000, 0x0000000081eff818, 0x0000000081f00000| 99%| O|  |TAMS 0x0000000081eff818, 0x0000000081e00000| Updating 
|   5|0x0000000081f00000, 0x0000000081fffff8, 0x0000000082000000| 99%| O|  |TAMS 0x0000000081fffff8, 0x0000000081f00000| Updating 
|   6|0x0000000082000000, 0x0000000082100000, 0x0000000082100000|100%| O|  |TAMS 0x0000000082100000, 0x0000000082000000| Updating 
|   7|0x0000000082100000, 0x0000000082200000, 0x0000000082200000|100%| O|  |TAMS 0x0000000082200000, 0x0000000082100000| Updating 
|   8|0x0000000082200000, 0x00000000822fffd8, 0x0000000082300000| 99%| O|  |TAMS 0x00000000822fffd8, 0x0000000082200000| Updating 
|   9|0x0000000082300000, 0x0000000082400000, 0x0000000082400000|100%| O|  |TAMS 0x0000000082400000, 0x0000000082300000| Updating 
|  10|0x0000000082400000, 0x00000000824ffff8, 0x0000000082500000| 99%| O|  |TAMS 0x00000000824ffff8, 0x0000000082400000| Updating 
|  11|0x0000000082500000, 0x00000000825ffff0, 0x0000000082600000| 99%| O|  |TAMS 0x00000000825ffff0, 0x0000000082500000| Updating 
|  12|0x0000000082600000, 0x00000000826ffff0, 0x0000000082700000| 99%| O|  |TAMS 0x00000000826ffff0, 0x0000000082600000| Updating 
|  13|0x0000000082700000, 0x00000000827fffb0, 0x0000000082800000| 99%| O|  |TAMS 0x00000000827fffb0, 0x0000000082700000| Updating 
|  14|0x0000000082800000, 0x00000000828fffe8, 0x0000000082900000| 99%| O|  |TAMS 0x00000000828fffe8, 0x0000000082800000| Updating 
|  15|0x0000000082900000, 0x00000000829ffff8, 0x0000000082a00000| 99%| O|  |TAMS 0x00000000829ffff8, 0x0000000082900000| Updating 
|  16|0x0000000082a00000, 0x0000000082afffe8, 0x0000000082b00000| 99%| O|  |TAMS 0x0000000082afffe8, 0x0000000082a00000| Updating 
|  17|0x0000000082b00000, 0x0000000082bffff0, 0x0000000082c00000| 99%| O|  |TAMS 0x0000000082bffff0, 0x0000000082b00000| Updating 
|  18|0x0000000082c00000, 0x0000000082d00000, 0x0000000082d00000|100%| O|  |TAMS 0x0000000082d00000, 0x0000000082c00000| Updating 
|  19|0x0000000082d00000, 0x0000000082dfffe8, 0x0000000082e00000| 99%| O|  |TAMS 0x0000000082dfffe8, 0x0000000082d00000| Updating 
|  20|0x0000000082e00000, 0x0000000082effff8, 0x0000000082f00000| 99%| O|  |TAMS 0x0000000082effff8, 0x0000000082e00000| Updating 
|  21|0x0000000082f00000, 0x0000000082ffffc0, 0x0000000083000000| 99%| O|  |TAMS 0x0000000082ffffc0, 0x0000000082f00000| Updating 
|  22|0x0000000083000000, 0x00000000830ffff0, 0x0000000083100000| 99%| O|  |TAMS 0x00000000830ffff0, 0x0000000083000000| Updating 
|  23|0x0000000083100000, 0x00000000831fffd0, 0x0000000083200000| 99%| O|  |TAMS 0x00000000831fffd0, 0x0000000083100000| Updating 
|  24|0x0000000083200000, 0x00000000832fffe8, 0x0000000083300000| 99%| O|  |TAMS 0x00000000832fffe8, 0x0000000083200000| Updating 
|  25|0x0000000083300000, 0x0000000083400000, 0x0000000083400000|100%| O|  |TAMS 0x0000000083400000, 0x0000000083300000| Updating 
|  26|0x0000000083400000, 0x00000000834ffff8, 0x0000000083500000| 99%| O|  |TAMS 0x00000000834ffff8, 0x0000000083400000| Updating 
|  27|0x0000000083500000, 0x00000000835ffff8, 0x0000000083600000| 99%| O|  |TAMS 0x00000000835ffff8, 0x0000000083500000| Updating 
|  28|0x0000000083600000, 0x00000000836fffd0, 0x0000000083700000| 99%| O|  |TAMS 0x00000000836fffd0, 0x0000000083600000| Updating 
|  29|0x0000000083700000, 0x00000000837fffe0, 0x0000000083800000| 99%| O|  |TAMS 0x00000000837fffe0, 0x0000000083700000| Updating 
|  30|0x0000000083800000, 0x00000000838ffff0, 0x0000000083900000| 99%| O|  |TAMS 0x00000000838ffff0, 0x0000000083800000| Updating 
|  31|0x0000000083900000, 0x00000000839fffb8, 0x0000000083a00000| 99%| O|  |TAMS 0x00000000839fffb8, 0x0000000083900000| Updating 
|  32|0x0000000083a00000, 0x0000000083afffe8, 0x0000000083b00000| 99%| O|  |TAMS 0x0000000083afffe8, 0x0000000083a00000| Updating 
|  33|0x0000000083b00000, 0x0000000083c00000, 0x0000000083c00000|100%| O|  |TAMS 0x0000000083c00000, 0x0000000083b00000| Updating 
|  34|0x0000000083c00000, 0x0000000083cfffe8, 0x0000000083d00000| 99%| O|  |TAMS 0x0000000083cfffe8, 0x0000000083c00000| Updating 
|  35|0x0000000083d00000, 0x0000000083dfffe8, 0x0000000083e00000| 99%| O|  |TAMS 0x0000000083dfffe8, 0x0000000083d00000| Updating 
|  36|0x0000000083e00000, 0x0000000083effe10, 0x0000000083f00000| 99%| O|  |TAMS 0x0000000083effe10, 0x0000000083e00000| Updating 
|  37|0x0000000083f00000, 0x0000000084000000, 0x0000000084000000|100%| O|  |TAMS 0x0000000084000000, 0x0000000083f00000| Updating 
|  38|0x0000000084000000, 0x00000000840fffe8, 0x0000000084100000| 99%| O|  |TAMS 0x00000000840fffe8, 0x0000000084000000| Updating 
|  39|0x0000000084100000, 0x00000000841ffff8, 0x0000000084200000| 99%| O|  |TAMS 0x00000000841ffff8, 0x0000000084100000| Updating 
|  40|0x0000000084200000, 0x0000000084300000, 0x0000000084300000|100%| O|  |TAMS 0x0000000084300000, 0x0000000084200000| Updating 
|  41|0x0000000084300000, 0x00000000843fff90, 0x0000000084400000| 99%| O|  |TAMS 0x00000000843fff90, 0x0000000084300000| Updating 
|  42|0x0000000084400000, 0x00000000844ffff8, 0x0000000084500000| 99%| O|  |TAMS 0x00000000844ffff8, 0x0000000084400000| Updating 
|  43|0x0000000084500000, 0x00000000845ffff0, 0x0000000084600000| 99%| O|  |TAMS 0x00000000845ffff0, 0x0000000084500000| Updating 
|  44|0x0000000084600000, 0x00000000846ffff8, 0x0000000084700000| 99%| O|  |TAMS 0x00000000846ffff8, 0x0000000084600000| Updating 
|  45|0x0000000084700000, 0x00000000847ffff8, 0x0000000084800000| 99%| O|  |TAMS 0x00000000847ffff8, 0x0000000084700000| Updating 
|  46|0x0000000084800000, 0x00000000848ffff8, 0x0000000084900000| 99%| O|  |TAMS 0x00000000848ffff8, 0x0000000084800000| Updating 
|  47|0x0000000084900000, 0x00000000849fffe8, 0x0000000084a00000| 99%| O|  |TAMS 0x00000000849fffe8, 0x0000000084900000| Updating 
|  48|0x0000000084a00000, 0x0000000084affff8, 0x0000000084b00000| 99%| O|  |TAMS 0x0000000084affff8, 0x0000000084a00000| Updating 
|  49|0x0000000084b00000, 0x0000000084bffff0, 0x0000000084c00000| 99%| O|  |TAMS 0x0000000084bffff0, 0x0000000084b00000| Updating 
|  50|0x0000000084c00000, 0x0000000084cfffd8, 0x0000000084d00000| 99%| O|  |TAMS 0x0000000084cfffd8, 0x0000000084c00000| Updating 
|  51|0x0000000084d00000, 0x0000000084e00000, 0x0000000084e00000|100%| O|  |TAMS 0x0000000084e00000, 0x0000000084d00000| Updating 
|  52|0x0000000084e00000, 0x0000000084f00000, 0x0000000084f00000|100%| O|  |TAMS 0x0000000084f00000, 0x0000000084e00000| Updating 
|  53|0x0000000084f00000, 0x0000000084fffff0, 0x0000000085000000| 99%| O|  |TAMS 0x0000000084fffff0, 0x0000000084f00000| Updating 
|  54|0x0000000085000000, 0x00000000850fffd0, 0x0000000085100000| 99%| O|  |TAMS 0x00000000850fffd0, 0x0000000085000000| Updating 
|  55|0x0000000085100000, 0x00000000851ffff8, 0x0000000085200000| 99%| O|  |TAMS 0x00000000851ffff8, 0x0000000085100000| Updating 
|  56|0x0000000085200000, 0x0000000085300000, 0x0000000085300000|100%| O|  |TAMS 0x0000000085300000, 0x0000000085200000| Updating 
|  57|0x0000000085300000, 0x00000000853ffff0, 0x0000000085400000| 99%| O|  |TAMS 0x00000000853ffff0, 0x0000000085300000| Updating 
|  58|0x0000000085400000, 0x0000000085500000, 0x0000000085500000|100%| O|  |TAMS 0x0000000085500000, 0x0000000085400000| Updating 
|  59|0x0000000085500000, 0x00000000855ffff0, 0x0000000085600000| 99%| O|  |TAMS 0x00000000855ffff0, 0x0000000085500000| Updating 
|  60|0x0000000085600000, 0x00000000856fffd8, 0x0000000085700000| 99%| O|  |TAMS 0x00000000856fffd8, 0x0000000085600000| Updating 
|  61|0x0000000085700000, 0x00000000857fffe8, 0x0000000085800000| 99%| O|  |TAMS 0x00000000857fffe8, 0x0000000085700000| Updating 
|  62|0x0000000085800000, 0x0000000085900000, 0x0000000085900000|100%| O|  |TAMS 0x0000000085900000, 0x0000000085800000| Updating 
|  63|0x0000000085900000, 0x00000000859fffa8, 0x0000000085a00000| 99%| O|  |TAMS 0x00000000859fffa8, 0x0000000085900000| Updating 
|  64|0x0000000085a00000, 0x0000000085afffe8, 0x0000000085b00000| 99%| O|  |TAMS 0x0000000085afffe8, 0x0000000085a00000| Updating 
|  65|0x0000000085b00000, 0x0000000085bfffb0, 0x0000000085c00000| 99%| O|  |TAMS 0x0000000085bfffb0, 0x0000000085b00000| Updating 
|  66|0x0000000085c00000, 0x0000000085d00000, 0x0000000085d00000|100%| O|  |TAMS 0x0000000085d00000, 0x0000000085c00000| Updating 
|  67|0x0000000085d00000, 0x0000000085e00000, 0x0000000085e00000|100%| O|  |TAMS 0x0000000085e00000, 0x0000000085d00000| Updating 
|  68|0x0000000085e00000, 0x0000000085effff8, 0x0000000085f00000| 99%| O|  |TAMS 0x0000000085effff8, 0x0000000085e00000| Updating 
|  69|0x0000000085f00000, 0x0000000085f4ee20, 0x0000000086000000| 30%| O|  |TAMS 0x0000000085f4ee20, 0x0000000085f00000| Updating 
|  70|0x0000000086000000, 0x00000000860fffe0, 0x0000000086100000| 99%| O|  |TAMS 0x00000000860fffe0, 0x0000000086000000| Updating 
|  71|0x0000000086100000, 0x00000000861ffff0, 0x0000000086200000| 99%| O|  |TAMS 0x00000000861ffff0, 0x0000000086100000| Updating 
|  72|0x0000000086200000, 0x00000000862fffe8, 0x0000000086300000| 99%| O|  |TAMS 0x00000000862fffe8, 0x0000000086200000| Updating 
|  73|0x0000000086300000, 0x0000000086400000, 0x0000000086400000|100%| O|  |TAMS 0x0000000086400000, 0x0000000086300000| Updating 
|  74|0x0000000086400000, 0x00000000864ffff0, 0x0000000086500000| 99%| O|  |TAMS 0x00000000864ffff0, 0x0000000086400000| Updating 
|  75|0x0000000086500000, 0x00000000865c8728, 0x0000000086600000| 78%| O|  |TAMS 0x00000000865c8728, 0x0000000086500000| Updating 
|  76|0x0000000086600000, 0x0000000086675100, 0x0000000086700000| 45%| O|  |TAMS 0x0000000086675100, 0x0000000086600000| Updating 
|  77|0x0000000086700000, 0x00000000867132e8, 0x0000000086800000|  7%| O|  |TAMS 0x00000000867132e8, 0x0000000086700000| Updating 
|  78|0x0000000086800000, 0x0000000086900000, 0x0000000086900000|100%| O|  |TAMS 0x0000000086900000, 0x0000000086800000| Updating 
|  79|0x0000000086900000, 0x0000000086a00000, 0x0000000086a00000|100%| O|  |TAMS 0x0000000086a00000, 0x0000000086900000| Updating 
|  80|0x0000000086a00000, 0x0000000086b00000, 0x0000000086b00000|100%| O|  |TAMS 0x0000000086b00000, 0x0000000086a00000| Updating 
|  81|0x0000000086b00000, 0x0000000086c00000, 0x0000000086c00000|100%| O|  |TAMS 0x0000000086c00000, 0x0000000086b00000| Updating 
|  82|0x0000000086c00000, 0x0000000086d00000, 0x0000000086d00000|100%| O|  |TAMS 0x0000000086d00000, 0x0000000086c00000| Updating 
|  83|0x0000000086d00000, 0x0000000086e00000, 0x0000000086e00000|100%| O|  |TAMS 0x0000000086e00000, 0x0000000086d00000| Updating 
|  84|0x0000000086e00000, 0x0000000086f00000, 0x0000000086f00000|100%| O|  |TAMS 0x0000000086f00000, 0x0000000086e00000| Updating 
|  85|0x0000000086f00000, 0x0000000087000000, 0x0000000087000000|100%| O|  |TAMS 0x0000000087000000, 0x0000000086f00000| Updating 
|  86|0x0000000087000000, 0x0000000087100000, 0x0000000087100000|100%| O|  |TAMS 0x0000000087100000, 0x0000000087000000| Updating 
|  87|0x0000000087100000, 0x0000000087200000, 0x0000000087200000|100%| O|  |TAMS 0x0000000087200000, 0x0000000087100000| Updating 
|  88|0x0000000087200000, 0x0000000087300000, 0x0000000087300000|100%| O|  |TAMS 0x0000000087223000, 0x0000000087200000| Untracked 
|  89|0x0000000087300000, 0x0000000087400000, 0x0000000087400000|100%| O|  |TAMS 0x0000000087300000, 0x0000000087300000| Untracked 
|  90|0x0000000087400000, 0x000000008742be00, 0x0000000087500000| 17%| O|  |TAMS 0x0000000087400000, 0x0000000087400000| Updating 
|  91|0x0000000087500000, 0x0000000087500000, 0x0000000087600000|  0%| F|  |TAMS 0x0000000087500000, 0x0000000087500000| Untracked 
|  92|0x0000000087600000, 0x0000000087600000, 0x0000000087700000|  0%| F|  |TAMS 0x0000000087600000, 0x0000000087600000| Untracked 
|  93|0x0000000087700000, 0x0000000087700000, 0x0000000087800000|  0%| F|  |TAMS 0x0000000087700000, 0x0000000087700000| Untracked 
|  94|0x0000000087800000, 0x0000000087800000, 0x0000000087900000|  0%| F|  |TAMS 0x0000000087800000, 0x0000000087800000| Untracked 
|  95|0x0000000087900000, 0x0000000087900000, 0x0000000087a00000|  0%| F|  |TAMS 0x0000000087900000, 0x0000000087900000| Untracked 
|  96|0x0000000087a00000, 0x0000000087a00000, 0x0000000087b00000|  0%| F|  |TAMS 0x0000000087a00000, 0x0000000087a00000| Untracked 
|  97|0x0000000087b00000, 0x0000000087b00000, 0x0000000087c00000|  0%| F|  |TAMS 0x0000000087b00000, 0x0000000087b00000| Untracked 
|  98|0x0000000087c00000, 0x0000000087c00000, 0x0000000087d00000|  0%| F|  |TAMS 0x0000000087c00000, 0x0000000087c00000| Untracked 
|  99|0x0000000087d00000, 0x0000000087d00000, 0x0000000087e00000|  0%| F|  |TAMS 0x0000000087d00000, 0x0000000087d00000| Untracked 
| 100|0x0000000087e00000, 0x0000000087e00000, 0x0000000087f00000|  0%| F|  |TAMS 0x0000000087e00000, 0x0000000087e00000| Untracked 
| 101|0x0000000087f00000, 0x0000000087f00000, 0x0000000088000000|  0%| F|  |TAMS 0x0000000087f00000, 0x0000000087f00000| Untracked 
| 102|0x0000000088000000, 0x0000000088000000, 0x0000000088100000|  0%| F|  |TAMS 0x0000000088000000, 0x0000000088000000| Untracked 
| 103|0x0000000088100000, 0x0000000088100000, 0x0000000088200000|  0%| F|  |TAMS 0x0000000088100000, 0x0000000088100000| Untracked 
| 104|0x0000000088200000, 0x0000000088200000, 0x0000000088300000|  0%| F|  |TAMS 0x0000000088200000, 0x0000000088200000| Untracked 
| 105|0x0000000088300000, 0x0000000088300000, 0x0000000088400000|  0%| F|  |TAMS 0x0000000088300000, 0x0000000088300000| Untracked 
| 106|0x0000000088400000, 0x0000000088400000, 0x0000000088500000|  0%| F|  |TAMS 0x0000000088400000, 0x0000000088400000| Untracked 
| 107|0x0000000088500000, 0x0000000088500000, 0x0000000088600000|  0%| F|  |TAMS 0x0000000088500000, 0x0000000088500000| Untracked 
| 108|0x0000000088600000, 0x0000000088600000, 0x0000000088700000|  0%| F|  |TAMS 0x0000000088600000, 0x0000000088600000| Untracked 
| 109|0x0000000088700000, 0x0000000088700000, 0x0000000088800000|  0%| F|  |TAMS 0x0000000088700000, 0x0000000088700000| Untracked 
| 110|0x0000000088800000, 0x0000000088849740, 0x0000000088900000| 28%| S|CS|TAMS 0x0000000088800000, 0x0000000088800000| Complete 
| 111|0x0000000088900000, 0x0000000088a00000, 0x0000000088a00000|100%| S|CS|TAMS 0x0000000088900000, 0x0000000088900000| Complete 
| 112|0x0000000088a00000, 0x0000000088b00000, 0x0000000088b00000|100%| S|CS|TAMS 0x0000000088a00000, 0x0000000088a00000| Complete 
| 113|0x0000000088b00000, 0x0000000088c00000, 0x0000000088c00000|100%| S|CS|TAMS 0x0000000088b00000, 0x0000000088b00000| Complete 
| 114|0x0000000088c00000, 0x0000000088d00000, 0x0000000088d00000|100%| S|CS|TAMS 0x0000000088c00000, 0x0000000088c00000| Complete 
| 115|0x0000000088d00000, 0x0000000088d00000, 0x0000000088e00000|  0%| F|  |TAMS 0x0000000088d00000, 0x0000000088d00000| Untracked 
| 116|0x0000000088e00000, 0x0000000088e00000, 0x0000000088f00000|  0%| F|  |TAMS 0x0000000088e00000, 0x0000000088e00000| Untracked 
| 117|0x0000000088f00000, 0x0000000088f00000, 0x0000000089000000|  0%| F|  |TAMS 0x0000000088f00000, 0x0000000088f00000| Untracked 
| 118|0x0000000089000000, 0x0000000089000000, 0x0000000089100000|  0%| F|  |TAMS 0x0000000089000000, 0x0000000089000000| Untracked 
| 119|0x0000000089100000, 0x0000000089100000, 0x0000000089200000|  0%| F|  |TAMS 0x0000000089100000, 0x0000000089100000| Untracked 
| 120|0x0000000089200000, 0x0000000089200000, 0x0000000089300000|  0%| F|  |TAMS 0x0000000089200000, 0x0000000089200000| Untracked 
| 121|0x0000000089300000, 0x0000000089300000, 0x0000000089400000|  0%| F|  |TAMS 0x0000000089300000, 0x0000000089300000| Untracked 
| 122|0x0000000089400000, 0x0000000089500000, 0x0000000089500000|100%| S|CS|TAMS 0x0000000089400000, 0x0000000089400000| Complete 
| 123|0x0000000089500000, 0x0000000089500000, 0x0000000089600000|  0%| F|  |TAMS 0x0000000089500000, 0x0000000089500000| Untracked 
| 124|0x0000000089600000, 0x0000000089600000, 0x0000000089700000|  0%| F|  |TAMS 0x0000000089600000, 0x0000000089600000| Untracked 
| 125|0x0000000089700000, 0x0000000089700000, 0x0000000089800000|  0%| F|  |TAMS 0x0000000089700000, 0x0000000089700000| Untracked 
| 126|0x0000000089800000, 0x0000000089800000, 0x0000000089900000|  0%| F|  |TAMS 0x0000000089800000, 0x0000000089800000| Untracked 
| 127|0x0000000089900000, 0x0000000089900000, 0x0000000089a00000|  0%| F|  |TAMS 0x0000000089900000, 0x0000000089900000| Untracked 
| 128|0x0000000089a00000, 0x0000000089a00000, 0x0000000089b00000|  0%| F|  |TAMS 0x0000000089a00000, 0x0000000089a00000| Untracked 
| 129|0x0000000089b00000, 0x0000000089b00000, 0x0000000089c00000|  0%| F|  |TAMS 0x0000000089b00000, 0x0000000089b00000| Untracked 
| 130|0x0000000089c00000, 0x0000000089c00000, 0x0000000089d00000|  0%| F|  |TAMS 0x0000000089c00000, 0x0000000089c00000| Untracked 
| 131|0x0000000089d00000, 0x0000000089d00000, 0x0000000089e00000|  0%| F|  |TAMS 0x0000000089d00000, 0x0000000089d00000| Untracked 
| 132|0x0000000089e00000, 0x0000000089e00000, 0x0000000089f00000|  0%| F|  |TAMS 0x0000000089e00000, 0x0000000089e00000| Untracked 
| 133|0x0000000089f00000, 0x0000000089f00000, 0x000000008a000000|  0%| F|  |TAMS 0x0000000089f00000, 0x0000000089f00000| Untracked 
| 134|0x000000008a000000, 0x000000008a000000, 0x000000008a100000|  0%| F|  |TAMS 0x000000008a000000, 0x000000008a000000| Untracked 
| 135|0x000000008a100000, 0x000000008a100000, 0x000000008a200000|  0%| F|  |TAMS 0x000000008a100000, 0x000000008a100000| Untracked 
| 136|0x000000008a200000, 0x000000008a200000, 0x000000008a300000|  0%| F|  |TAMS 0x000000008a200000, 0x000000008a200000| Untracked 
| 137|0x000000008a300000, 0x000000008a300000, 0x000000008a400000|  0%| F|  |TAMS 0x000000008a300000, 0x000000008a300000| Untracked 
| 138|0x000000008a400000, 0x000000008a400000, 0x000000008a500000|  0%| F|  |TAMS 0x000000008a400000, 0x000000008a400000| Untracked 
| 139|0x000000008a500000, 0x000000008a500000, 0x000000008a600000|  0%| F|  |TAMS 0x000000008a500000, 0x000000008a500000| Untracked 
| 140|0x000000008a600000, 0x000000008a600000, 0x000000008a700000|  0%| F|  |TAMS 0x000000008a600000, 0x000000008a600000| Untracked 
| 141|0x000000008a700000, 0x000000008a700000, 0x000000008a800000|  0%| F|  |TAMS 0x000000008a700000, 0x000000008a700000| Untracked 
| 142|0x000000008a800000, 0x000000008a800000, 0x000000008a900000|  0%| F|  |TAMS 0x000000008a800000, 0x000000008a800000| Untracked 
| 143|0x000000008a900000, 0x000000008a900000, 0x000000008aa00000|  0%| F|  |TAMS 0x000000008a900000, 0x000000008a900000| Untracked 
| 144|0x000000008aa00000, 0x000000008aa00000, 0x000000008ab00000|  0%| F|  |TAMS 0x000000008aa00000, 0x000000008aa00000| Untracked 
| 145|0x000000008ab00000, 0x000000008ab00000, 0x000000008ac00000|  0%| F|  |TAMS 0x000000008ab00000, 0x000000008ab00000| Untracked 
| 146|0x000000008ac00000, 0x000000008ac00000, 0x000000008ad00000|  0%| F|  |TAMS 0x000000008ac00000, 0x000000008ac00000| Untracked 
| 147|0x000000008ad00000, 0x000000008ad00000, 0x000000008ae00000|  0%| F|  |TAMS 0x000000008ad00000, 0x000000008ad00000| Untracked 
| 148|0x000000008ae00000, 0x000000008ae00000, 0x000000008af00000|  0%| F|  |TAMS 0x000000008ae00000, 0x000000008ae00000| Untracked 
| 149|0x000000008af00000, 0x000000008af00000, 0x000000008b000000|  0%| F|  |TAMS 0x000000008af00000, 0x000000008af00000| Untracked 
| 150|0x000000008b000000, 0x000000008b000000, 0x000000008b100000|  0%| F|  |TAMS 0x000000008b000000, 0x000000008b000000| Untracked 
| 151|0x000000008b100000, 0x000000008b100000, 0x000000008b200000|  0%| F|  |TAMS 0x000000008b100000, 0x000000008b100000| Untracked 
| 152|0x000000008b200000, 0x000000008b200000, 0x000000008b300000|  0%| F|  |TAMS 0x000000008b200000, 0x000000008b200000| Untracked 
| 153|0x000000008b300000, 0x000000008b300000, 0x000000008b400000|  0%| F|  |TAMS 0x000000008b300000, 0x000000008b300000| Untracked 
| 154|0x000000008b400000, 0x000000008b400000, 0x000000008b500000|  0%| F|  |TAMS 0x000000008b400000, 0x000000008b400000| Untracked 
| 155|0x000000008b500000, 0x000000008b500000, 0x000000008b600000|  0%| F|  |TAMS 0x000000008b500000, 0x000000008b500000| Untracked 
| 156|0x000000008b600000, 0x000000008b600000, 0x000000008b700000|  0%| F|  |TAMS 0x000000008b600000, 0x000000008b600000| Untracked 
| 157|0x000000008b700000, 0x000000008b700000, 0x000000008b800000|  0%| F|  |TAMS 0x000000008b700000, 0x000000008b700000| Untracked 
| 158|0x000000008b800000, 0x000000008b800000, 0x000000008b900000|  0%| F|  |TAMS 0x000000008b800000, 0x000000008b800000| Untracked 
| 159|0x000000008b900000, 0x000000008b900000, 0x000000008ba00000|  0%| F|  |TAMS 0x000000008b900000, 0x000000008b900000| Untracked 
| 160|0x000000008ba00000, 0x000000008ba00000, 0x000000008bb00000|  0%| F|  |TAMS 0x000000008ba00000, 0x000000008ba00000| Untracked 
| 161|0x000000008bb00000, 0x000000008bb00000, 0x000000008bc00000|  0%| F|  |TAMS 0x000000008bb00000, 0x000000008bb00000| Untracked 
| 162|0x000000008bc00000, 0x000000008bc00000, 0x000000008bd00000|  0%| F|  |TAMS 0x000000008bc00000, 0x000000008bc00000| Untracked 
| 163|0x000000008bd00000, 0x000000008bd00000, 0x000000008be00000|  0%| F|  |TAMS 0x000000008bd00000, 0x000000008bd00000| Untracked 
| 164|0x000000008be00000, 0x000000008be00000, 0x000000008bf00000|  0%| F|  |TAMS 0x000000008be00000, 0x000000008be00000| Untracked 
| 165|0x000000008bf00000, 0x000000008bf00000, 0x000000008c000000|  0%| F|  |TAMS 0x000000008bf00000, 0x000000008bf00000| Untracked 
| 166|0x000000008c000000, 0x000000008c000000, 0x000000008c100000|  0%| F|  |TAMS 0x000000008c000000, 0x000000008c000000| Untracked 
| 167|0x000000008c100000, 0x000000008c100000, 0x000000008c200000|  0%| F|  |TAMS 0x000000008c100000, 0x000000008c100000| Untracked 
| 168|0x000000008c200000, 0x000000008c300000, 0x000000008c300000|100%| E|  |TAMS 0x000000008c200000, 0x000000008c200000| Complete 
| 169|0x000000008c300000, 0x000000008c400000, 0x000000008c400000|100%| E|CS|TAMS 0x000000008c300000, 0x000000008c300000| Complete 
| 170|0x000000008c400000, 0x000000008c500000, 0x000000008c500000|100%| E|CS|TAMS 0x000000008c400000, 0x000000008c400000| Complete 
| 171|0x000000008c500000, 0x000000008c600000, 0x000000008c600000|100%| E|CS|TAMS 0x000000008c500000, 0x000000008c500000| Complete 
| 172|0x000000008c600000, 0x000000008c700000, 0x000000008c700000|100%| E|CS|TAMS 0x000000008c600000, 0x000000008c600000| Complete 
| 173|0x000000008c700000, 0x000000008c800000, 0x000000008c800000|100%| E|CS|TAMS 0x000000008c700000, 0x000000008c700000| Complete 
| 174|0x000000008c800000, 0x000000008c900000, 0x000000008c900000|100%| E|CS|TAMS 0x000000008c800000, 0x000000008c800000| Complete 
| 175|0x000000008c900000, 0x000000008ca00000, 0x000000008ca00000|100%| E|CS|TAMS 0x000000008c900000, 0x000000008c900000| Complete 
| 176|0x000000008ca00000, 0x000000008cb00000, 0x000000008cb00000|100%| E|CS|TAMS 0x000000008ca00000, 0x000000008ca00000| Complete 
| 177|0x000000008cb00000, 0x000000008cc00000, 0x000000008cc00000|100%| E|CS|TAMS 0x000000008cb00000, 0x000000008cb00000| Complete 
| 178|0x000000008cc00000, 0x000000008cd00000, 0x000000008cd00000|100%| E|CS|TAMS 0x000000008cc00000, 0x000000008cc00000| Complete 
| 179|0x000000008cd00000, 0x000000008ce00000, 0x000000008ce00000|100%| E|CS|TAMS 0x000000008cd00000, 0x000000008cd00000| Complete 
| 180|0x000000008ce00000, 0x000000008cf00000, 0x000000008cf00000|100%| E|CS|TAMS 0x000000008ce00000, 0x000000008ce00000| Complete 
| 181|0x000000008cf00000, 0x000000008d000000, 0x000000008d000000|100%| E|CS|TAMS 0x000000008cf00000, 0x000000008cf00000| Complete 
| 182|0x000000008d000000, 0x000000008d100000, 0x000000008d100000|100%| E|CS|TAMS 0x000000008d000000, 0x000000008d000000| Complete 
| 183|0x000000008d100000, 0x000000008d200000, 0x000000008d200000|100%| E|CS|TAMS 0x000000008d100000, 0x000000008d100000| Complete 
| 184|0x000000008d200000, 0x000000008d300000, 0x000000008d300000|100%| E|CS|TAMS 0x000000008d200000, 0x000000008d200000| Complete 
| 185|0x000000008d300000, 0x000000008d400000, 0x000000008d400000|100%| E|CS|TAMS 0x000000008d300000, 0x000000008d300000| Complete 
| 186|0x000000008d400000, 0x000000008d500000, 0x000000008d500000|100%| E|CS|TAMS 0x000000008d400000, 0x000000008d400000| Complete 
| 187|0x000000008d500000, 0x000000008d600000, 0x000000008d600000|100%| E|CS|TAMS 0x000000008d500000, 0x000000008d500000| Complete 
| 188|0x000000008d600000, 0x000000008d700000, 0x000000008d700000|100%| E|CS|TAMS 0x000000008d600000, 0x000000008d600000| Complete 
| 189|0x000000008d700000, 0x000000008d800000, 0x000000008d800000|100%| E|CS|TAMS 0x000000008d700000, 0x000000008d700000| Complete 
| 190|0x000000008d800000, 0x000000008d900000, 0x000000008d900000|100%| E|CS|TAMS 0x000000008d800000, 0x000000008d800000| Complete 
| 191|0x000000008d900000, 0x000000008da00000, 0x000000008da00000|100%| E|CS|TAMS 0x000000008d900000, 0x000000008d900000| Complete 
| 192|0x000000008da00000, 0x000000008db00000, 0x000000008db00000|100%| E|CS|TAMS 0x000000008da00000, 0x000000008da00000| Complete 
| 193|0x000000008db00000, 0x000000008dc00000, 0x000000008dc00000|100%| E|CS|TAMS 0x000000008db00000, 0x000000008db00000| Complete 

Card table byte_map: [0x0000003d9a9d0000,0x0000003d9add0000] _byte_map_base: 0x0000003d9a5c3000

Marking Bits (Prev, Next): (CMBitMap*) 0x0000003d82ead938, (CMBitMap*) 0x0000003d82ead8f8
 Prev Bits: [0x0000003d9d170000, 0x0000003d9f108000)
 Next Bits: [0x0000003d9b1d0000, 0x0000003d9d168000)

Polling page: 0x0000003d80ca0000

Metaspace:

Usage:
  Non-class:     59.74 MB capacity,    58.26 MB ( 98%) used,     1.20 MB (  2%) free+waste,   288.63 KB ( <1%) overhead. 
      Class:     10.30 MB capacity,     9.30 MB ( 90%) used,   877.84 KB (  8%) free+waste,   145.19 KB (  1%) overhead. 
       Both:     70.04 MB capacity,    67.56 MB ( 96%) used,     2.06 MB (  3%) free+waste,   433.81 KB ( <1%) overhead. 

Virtual space:
  Non-class space:       60.00 MB reserved,      59.91 MB (>99%) committed 
      Class space:        1.00 GB reserved,      10.32 MB (  1%) committed 
             Both:        1.06 GB reserved,      70.24 MB (  6%) committed 

Chunk freelists:
   Non-Class:  53.00 KB
       Class:  10.00 KB
        Both:  63.00 KB

MaxMetaspaceSize: 17179869184.00 GB
CompressedClassSpaceSize: 1.00 GB

CodeHeap 'non-profiled nmethods': size=238912Kb used=14222Kb max_used=14222Kb free=224689Kb
 bounds [0x0000003d8bc80000, 0x0000003d8ca70000, 0x0000003d9a5d0000]
CodeHeap 'non-nmethods': size=6848Kb used=1335Kb max_used=1335Kb free=5512Kb
 bounds [0x0000003d8b5d0000, 0x0000003d8b840000, 0x0000003d8bc80000]
 total_blobs=9534 nmethods=8623 adapters=566
 compilation: enabled
              stopped_count=0, restarted_count=0
 full_count=0

Compilation events (20 events):
Event: 195.279 Thread 0x0000003da2834800 8614       1       org.springframework.core.convert.TypeDescriptor::isAssignableTo (124 bytes)
Event: 195.285 Thread 0x0000003da2834800 nmethod 8614 0x0000003d8ca5ac10 code [0x0000003d8ca5b060, 0x0000003d8ca5c4c8]
Event: 196.571 Thread 0x0000003da2834800 8615       1       org.springframework.boot.context.properties.ConfigurationPropertiesBindingPostProcessor::hasBoundValueObject (48 bytes)
Event: 196.572 Thread 0x0000003da2834800 nmethod 8615 0x0000003d8ca5d110 code [0x0000003d8ca5d300, 0x0000003d8ca5d688]
Event: 196.572 Thread 0x0000003da2834800 8616       1       org.springframework.boot.context.properties.ConfigurationPropertiesBinder::getBindHandler (157 bytes)
Event: 196.576 Thread 0x0000003da2834800 nmethod 8616 0x0000003d8ca5d890 code [0x0000003d8ca5dbe0, 0x0000003d8ca5f018]
Event: 196.576 Thread 0x0000003da2834800 8617       1       org.springframework.boot.context.properties.ConfigurationPropertiesBinder::getValidators (97 bytes)
Event: 196.578 Thread 0x0000003da2834800 nmethod 8617 0x0000003d8ca5f890 code [0x0000003d8ca5fae0, 0x0000003d8ca60478]
Event: 196.578 Thread 0x0000003da2834800 8618       1       org.springframework.boot.context.properties.ConfigurationPropertiesBinder::getHandler (48 bytes)
Event: 196.580 Thread 0x0000003da2834800 nmethod 8618 0x0000003d8ca60990 code [0x0000003d8ca60bc0, 0x0000003d8ca612e8]
Event: 196.580 Thread 0x0000003da2834800 8619       1       org.springframework.boot.context.properties.BoundConfigurationProperties::get (29 bytes)
Event: 196.581 Thread 0x0000003da2834800 nmethod 8619 0x0000003d8ca61610 code [0x0000003d8ca61800, 0x0000003d8ca61b28]
Event: 196.581 Thread 0x0000003da2834800 8620       1       org.springframework.boot.context.properties.ConfigurationPropertiesBinder$$Lambda$616/0x0000000800f4e440::get$Lambda (9 bytes)
Event: 196.581 Thread 0x0000003da2834800 nmethod 8620 0x0000003d8ca61d90 code [0x0000003d8ca61f20, 0x0000003d8ca62078]
Event: 196.799 Thread 0x0000003da2834800 8621       1       java.util.LinkedHashMap$LinkedValues::toArray (18 bytes)
Event: 196.799 Thread 0x0000003da2834800 nmethod 8621 0x0000003d8ca62110 code [0x0000003d8ca622a0, 0x0000003d8ca62448]
Event: 196.930 Thread 0x0000003da2834800 8622       1       java.lang.invoke.LambdaForm$MH/0x0000000801004840::invoke (148 bytes)
Event: 196.930 Thread 0x0000003da2834800 nmethod 8622 0x0000003d8ca62510 code [0x0000003d8ca62740, 0x0000003d8ca62ba8]
Event: 197.088 Thread 0x0000003da2834800 8623       1       io.micrometer.core.instrument.Tags::dedup (106 bytes)
Event: 197.089 Thread 0x0000003da2834800 nmethod 8623 0x0000003d8ca63010 code [0x0000003d8ca631e0, 0x0000003d8ca636c8]

GC Heap History (20 events):
Event: 183.287 GC heap before
{Heap before GC invocations=83 (full 3):
 garbage-first heap   total 188416K, used 160342K [0x0000000081a00000, 0x0000000100000000)
  region size 1024K, 82 young (83968K), 6 survivors (6144K)
 Metaspace       used 68835K, capacity 71315K, committed 71412K, reserved 1110016K
  class space    used 9496K, capacity 10488K, committed 10572K, reserved 1048576K
}
Event: 183.302 GC heap after
{Heap after GC invocations=84 (full 3):
 garbage-first heap   total 188416K, used 84638K [0x0000000081a00000, 0x0000000100000000)
  region size 1024K, 6 young (6144K), 6 survivors (6144K)
 Metaspace       used 68835K, capacity 71315K, committed 71412K, reserved 1110016K
  class space    used 9496K, capacity 10488K, committed 10572K, reserved 1048576K
}
Event: 185.303 GC heap before
{Heap before GC invocations=84 (full 3):
 garbage-first heap   total 188416K, used 159390K [0x0000000081a00000, 0x0000000100000000)
  region size 1024K, 79 young (80896K), 6 survivors (6144K)
 Metaspace       used 68861K, capacity 71329K, committed 71412K, reserved 1110016K
  class space    used 9499K, capacity 10493K, committed 10572K, reserved 1048576K
}
Event: 185.319 GC heap after
{Heap after GC invocations=85 (full 3):
 garbage-first heap   total 188416K, used 85090K [0x0000000081a00000, 0x0000000100000000)
  region size 1024K, 4 young (4096K), 4 survivors (4096K)
 Metaspace       used 68861K, capacity 71329K, committed 71412K, reserved 1110016K
  class space    used 9499K, capacity 10493K, committed 10572K, reserved 1048576K
}
Event: 187.809 GC heap before
{Heap before GC invocations=85 (full 3):
 garbage-first heap   total 188416K, used 160866K [0x0000000081a00000, 0x0000000100000000)
  region size 1024K, 78 young (79872K), 4 survivors (4096K)
 Metaspace       used 68872K, capacity 71347K, committed 71668K, reserved 1110016K
  class space    used 9501K, capacity 10496K, committed 10572K, reserved 1048576K
}
Event: 187.820 GC heap after
{Heap after GC invocations=86 (full 3):
 garbage-first heap   total 188416K, used 86078K [0x0000000081a00000, 0x0000000100000000)
  region size 1024K, 5 young (5120K), 5 survivors (5120K)
 Metaspace       used 68872K, capacity 71347K, committed 71668K, reserved 1110016K
  class space    used 9501K, capacity 10496K, committed 10572K, reserved 1048576K
}
Event: 189.668 GC heap before
{Heap before GC invocations=86 (full 3):
 garbage-first heap   total 188416K, used 160830K [0x0000000081a00000, 0x0000000100000000)
  region size 1024K, 78 young (79872K), 5 survivors (5120K)
 Metaspace       used 68899K, capacity 71356K, committed 71668K, reserved 1110016K
  class space    used 9503K, capacity 10498K, committed 10572K, reserved 1048576K
}
Event: 189.684 GC heap after
{Heap after GC invocations=87 (full 3):
 garbage-first heap   total 188416K, used 87459K [0x0000000081a00000, 0x0000000100000000)
  region size 1024K, 6 young (6144K), 6 survivors (6144K)
 Metaspace       used 68899K, capacity 71356K, committed 71668K, reserved 1110016K
  class space    used 9503K, capacity 10498K, committed 10572K, reserved 1048576K
}
Event: 190.960 GC heap before
{Heap before GC invocations=87 (full 3):
 garbage-first heap   total 188416K, used 160163K [0x0000000081a00000, 0x0000000100000000)
  region size 1024K, 77 young (78848K), 6 survivors (6144K)
 Metaspace       used 68951K, capacity 71460K, committed 71668K, reserved 1110016K
  class space    used 9507K, capacity 10533K, committed 10572K, reserved 1048576K
}
Event: 190.974 GC heap after
{Heap after GC invocations=88 (full 3):
 garbage-first heap   total 188416K, used 88703K [0x0000000081a00000, 0x0000000100000000)
  region size 1024K, 7 young (7168K), 7 survivors (7168K)
 Metaspace       used 68951K, capacity 71460K, committed 71668K, reserved 1110016K
  class space    used 9507K, capacity 10533K, committed 10572K, reserved 1048576K
}
Event: 192.361 GC heap before
{Heap before GC invocations=88 (full 3):
 garbage-first heap   total 188416K, used 158335K [0x0000000081a00000, 0x0000000100000000)
  region size 1024K, 75 young (76800K), 7 survivors (7168K)
 Metaspace       used 69081K, capacity 71600K, committed 71668K, reserved 1110016K
  class space    used 9516K, capacity 10536K, committed 10572K, reserved 1048576K
}
Event: 192.379 GC heap after
{Heap after GC invocations=89 (full 3):
 garbage-first heap   total 188416K, used 90741K [0x0000000081a00000, 0x0000000100000000)
  region size 1024K, 7 young (7168K), 7 survivors (7168K)
 Metaspace       used 69081K, capacity 71600K, committed 71668K, reserved 1110016K
  class space    used 9516K, capacity 10536K, committed 10572K, reserved 1048576K
}
Event: 193.658 GC heap before
{Heap before GC invocations=90 (full 3):
 garbage-first heap   total 198656K, used 157301K [0x0000000081a00000, 0x0000000100000000)
  region size 1024K, 72 young (73728K), 7 survivors (7168K)
 Metaspace       used 69081K, capacity 71600K, committed 71668K, reserved 1110016K
  class space    used 9516K, capacity 10536K, committed 10572K, reserved 1048576K
}
Event: 193.676 GC heap after
{Heap after GC invocations=91 (full 3):
 garbage-first heap   total 198656K, used 91677K [0x0000000081a00000, 0x0000000100000000)
  region size 1024K, 6 young (6144K), 6 survivors (6144K)
 Metaspace       used 69081K, capacity 71600K, committed 71668K, reserved 1110016K
  class space    used 9516K, capacity 10536K, committed 10572K, reserved 1048576K
}
Event: 194.912 GC heap before
{Heap before GC invocations=91 (full 3):
 garbage-first heap   total 198656K, used 169501K [0x0000000081a00000, 0x0000000100000000)
  region size 1024K, 82 young (83968K), 6 survivors (6144K)
 Metaspace       used 69162K, capacity 71654K, committed 71924K, reserved 1110016K
  class space    used 9524K, capacity 10548K, committed 10572K, reserved 1048576K
}
Event: 194.931 GC heap after
{Heap after GC invocations=92 (full 3):
 garbage-first heap   total 198656K, used 93269K [0x0000000081a00000, 0x0000000100000000)
  region size 1024K, 8 young (8192K), 8 survivors (8192K)
 Metaspace       used 69162K, capacity 71654K, committed 71924K, reserved 1110016K
  class space    used 9524K, capacity 10548K, committed 10572K, reserved 1048576K
}
Event: 195.819 GC heap before
{Heap before GC invocations=92 (full 3):
 garbage-first heap   total 198656K, used 166997K [0x0000000081a00000, 0x0000000100000000)
  region size 1024K, 80 young (81920K), 8 survivors (8192K)
 Metaspace       used 69162K, capacity 71654K, committed 71924K, reserved 1110016K
  class space    used 9524K, capacity 10548K, committed 10572K, reserved 1048576K
}
Event: 195.837 GC heap after
{Heap after GC invocations=93 (full 3):
 garbage-first heap   total 198656K, used 94262K [0x0000000081a00000, 0x0000000100000000)
  region size 1024K, 7 young (7168K), 7 survivors (7168K)
 Metaspace       used 69162K, capacity 71654K, committed 71924K, reserved 1110016K
  class space    used 9524K, capacity 10548K, committed 10572K, reserved 1048576K
}
Event: 196.911 GC heap before
{Heap before GC invocations=93 (full 3):
 garbage-first heap   total 198656K, used 166966K [0x0000000081a00000, 0x0000000100000000)
  region size 1024K, 78 young (79872K), 7 survivors (7168K)
 Metaspace       used 69180K, capacity 71721K, committed 71924K, reserved 1110016K
  class space    used 9526K, capacity 10549K, committed 10572K, reserved 1048576K
}
Event: 196.929 GC heap after
{Heap after GC invocations=94 (full 3):
 garbage-first heap   total 198656K, used 95276K [0x0000000081a00000, 0x0000000100000000)
  region size 1024K, 6 young (6144K), 6 survivors (6144K)
 Metaspace       used 69180K, capacity 71721K, committed 71924K, reserved 1110016K
  class space    used 9526K, capacity 10549K, committed 10572K, reserved 1048576K
}

Deoptimization events (10 events):
Event: 4.269 Thread 0x0000003da4130800 DEOPT PACKING pc=0x0000003d8bce1bac sp=0x0000003da52fd340
Event: 4.269 Thread 0x0000003da4130800 DEOPT UNPACKING pc=0x0000003d8b619940 sp=0x0000003da52fc808 mode 0
Event: 4.421 Thread 0x0000003da4130800 DEOPT PACKING pc=0x0000003d8bd5bee4 sp=0x0000003da52fb4d0
Event: 4.421 Thread 0x0000003da4130800 DEOPT UNPACKING pc=0x0000003d8b619940 sp=0x0000003da52fa9f8 mode 0
Event: 11.916 Thread 0x0000003da4130800 DEOPT PACKING pc=0x0000003d8bfa72a4 sp=0x0000003da52fcb10
Event: 11.916 Thread 0x0000003da4130800 DEOPT UNPACKING pc=0x0000003d8b619940 sp=0x0000003da52fc088 mode 0
Event: 15.103 Thread 0x0000003da4130800 DEOPT PACKING pc=0x0000003d8c28dbe4 sp=0x0000003da52fd050
Event: 15.103 Thread 0x0000003da4130800 DEOPT UNPACKING pc=0x0000003d8b619940 sp=0x0000003da52fc5e8 mode 3
Event: 23.291 Thread 0x0000003da4130800 DEOPT PACKING pc=0x0000003d8bfc2ffb sp=0x0000003da52f4bb0
Event: 23.291 Thread 0x0000003da4130800 DEOPT UNPACKING pc=0x0000003d8b619940 sp=0x0000003da52f40b8 mode 3

Classes unloaded (4 events):
Event: 62.995 Thread 0x0000003da192c000 Unloading class 0x000000080135f840 'jdk/internal/reflect/GeneratedSerializationConstructorAccessor2'
Event: 118.280 Thread 0x0000003da192c000 Unloading class 0x0000000801547c40 'jdk/internal/reflect/GeneratedSerializationConstructorAccessor7'
Event: 145.581 Thread 0x0000003da192c000 Unloading class 0x0000000801556440 'jdk/internal/reflect/GeneratedSerializationConstructorAccessor12'
Event: 197.481 Thread 0x0000003da192c000 Unloading class 0x0000000801577840 'jdk/internal/reflect/GeneratedSerializationConstructorAccessor17'

Classes redefined (0 events):
No events

Internal exceptions (20 events):
Event: 179.050 Thread 0x0000003da9def000 Exception <a 'java/lang/ArrayIndexOutOfBoundsException'{0x000000008a0928d8}> (0x000000008a0928d8) 
thrown [t:/workspace/open/src/hotspot/share/runtime/sharedRuntime.cpp, line 584]
Event: 179.051 Thread 0x0000003da9def000 Exception <a 'java/lang/ArrayIndexOutOfBoundsException'{0x000000008a0948d8}> (0x000000008a0948d8) 
thrown [t:/workspace/open/src/hotspot/share/runtime/sharedRuntime.cpp, line 584]
Event: 179.051 Thread 0x0000003da9def000 Exception <a 'java/lang/ArrayIndexOutOfBoundsException'{0x000000008a095148}> (0x000000008a095148) 
thrown [t:/workspace/open/src/hotspot/share/runtime/sharedRuntime.cpp, line 584]
Event: 179.051 Thread 0x0000003da9def000 Exception <a 'java/lang/ArrayIndexOutOfBoundsException'{0x000000008a0971c8}> (0x000000008a0971c8) 
thrown [t:/workspace/open/src/hotspot/share/runtime/sharedRuntime.cpp, line 584]
Event: 179.051 Thread 0x0000003da9def000 Exception <a 'java/lang/ArrayIndexOutOfBoundsException'{0x000000008a097a38}> (0x000000008a097a38) 
thrown [t:/workspace/open/src/hotspot/share/runtime/sharedRuntime.cpp, line 584]
Event: 179.051 Thread 0x0000003da9def000 Exception <a 'java/lang/ArrayIndexOutOfBoundsException'{0x000000008a09aa90}> (0x000000008a09aa90) 
thrown [t:/workspace/open/src/hotspot/share/runtime/sharedRuntime.cpp, line 584]
Event: 179.051 Thread 0x0000003da9def000 Exception <a 'java/lang/ArrayIndexOutOfBoundsException'{0x000000008a09b300}> (0x000000008a09b300) 
thrown [t:/workspace/open/src/hotspot/share/runtime/sharedRuntime.cpp, line 584]
Event: 179.052 Thread 0x0000003da9def000 Exception <a 'java/lang/ArrayIndexOutOfBoundsException'{0x000000008a09d550}> (0x000000008a09d550) 
thrown [t:/workspace/open/src/hotspot/share/runtime/sharedRuntime.cpp, line 584]
Event: 179.052 Thread 0x0000003da9def000 Exception <a 'java/lang/ArrayIndexOutOfBoundsException'{0x000000008a09ddc0}> (0x000000008a09ddc0) 
thrown [t:/workspace/open/src/hotspot/share/runtime/sharedRuntime.cpp, line 584]
Event: 179.057 Thread 0x0000003da9def000 Exception <a 'java/lang/ArrayIndexOutOfBoundsException'{0x000000008a0f3d60}> (0x000000008a0f3d60) 
thrown [t:/workspace/open/src/hotspot/share/runtime/sharedRuntime.cpp, line 584]
Event: 179.057 Thread 0x0000003da9def000 Exception <a 'java/lang/ArrayIndexOutOfBoundsException'{0x000000008a0f45d0}> (0x000000008a0f45d0) 
thrown [t:/workspace/open/src/hotspot/share/runtime/sharedRuntime.cpp, line 584]
Event: 181.510 Thread 0x0000003da9def000 Exception <a 'sun/nio/fs/WindowsException'{0x000000008be2b150}> (0x000000008be2b150) 
thrown [t:/workspace/open/src/hotspot/share/prims/jni.cpp, line 599]
Event: 181.511 Thread 0x0000003da9def000 Exception <a 'sun/nio/fs/WindowsException'{0x000000008be2b730}> (0x000000008be2b730) 
thrown [t:/workspace/open/src/hotspot/share/prims/jni.cpp, line 599]
Event: 181.511 Thread 0x0000003da9def000 Exception <a 'sun/nio/fs/WindowsException'{0x000000008be2bdd8}> (0x000000008be2bdd8) 
thrown [t:/workspace/open/src/hotspot/share/prims/jni.cpp, line 599]
Event: 181.686 Thread 0x0000003da9def000 Exception <a 'java/io/FileNotFoundException'{0x000000008be849c0}> (0x000000008be849c0) 
thrown [t:/workspace/open/src/hotspot/share/prims/jni.cpp, line 599]
Event: 183.774 Thread 0x0000003da9def000 Exception <a 'java/io/FileNotFoundException'{0x000000008c29d590}> (0x000000008c29d590) 
thrown [t:/workspace/open/src/hotspot/share/prims/jni.cpp, line 599]
Event: 186.080 Thread 0x0000003da9dee800 Exception <a 'java/net/SocketException'{0x000000008c783ae0}: Socket is not connected: shutdown> (0x000000008c783ae0) 
thrown [t:/workspace/open/src/hotspot/share/prims/jni.cpp, line 620]
Event: 191.815 Thread 0x0000003da9def000 Exception <a 'java/lang/ClassNotFoundException'{0x000000008b0e8ea8}: java/lang/ObjectCustomizer> (0x000000008b0e8ea8) 
thrown [t:/workspace/open/src/hotspot/share/classfile/systemDictionary.cpp, line 226]
Event: 191.818 Thread 0x0000003da9def000 Exception <a 'java/lang/ClassNotFoundException'{0x000000008af1a700}: com/microservices/currency/exchange/service/CurrencyExchangeCustomizer> (0x000000008af1a700) 
thrown [t:/workspace/open/src/hotspot/share/classfile/systemDictionary.cpp, line 226]
Event: 191.893 Thread 0x0000003da9def000 Exception <a 'java/lang/reflect/InvocationTargetException'{0x000000008abbaa10}> (0x000000008abbaa10) 
thrown [t:/workspace/open/src/hotspot/share/runtime/reflection.cpp, line 1188]

Events (20 events):
Event: 190.974 Executing VM operation: G1CollectForAllocation done
Event: 191.815 loading class java/lang/ObjectCustomizer
Event: 191.815 loading class java/lang/ObjectCustomizer done
Event: 191.815 loading class java/lang/ObjectCustomizer
Event: 191.815 loading class java/lang/ObjectCustomizer done
Event: 192.361 Executing VM operation: G1CollectForAllocation
Event: 192.379 Executing VM operation: G1CollectForAllocation done
Event: 192.901 Executing VM operation: G1Concurrent
Event: 192.913 Executing VM operation: G1Concurrent done
Event: 193.233 Executing VM operation: G1Concurrent
Event: 193.234 Executing VM operation: G1Concurrent done
Event: 193.658 Executing VM operation: G1CollectForAllocation
Event: 193.676 Executing VM operation: G1CollectForAllocation done
Event: 194.912 Executing VM operation: G1CollectForAllocation
Event: 194.931 Executing VM operation: G1CollectForAllocation done
Event: 195.819 Executing VM operation: G1CollectForAllocation
Event: 195.837 Executing VM operation: G1CollectForAllocation done
Event: 196.911 Executing VM operation: G1CollectForAllocation
Event: 196.931 Executing VM operation: G1CollectForAllocation done
Event: 197.480 Executing VM operation: G1Concurrent


Dynamic libraries:
0x00007ff761a80000 - 0x00007ff761a8f000 	C:\Program Files\Java\jdk-14\bin\java.exe
0x00007ff943290000 - 0x00007ff94343d000 	C:\Windows\SYSTEM32\ntdll.dll
0x00007ff941430000 - 0x00007ff94156e000 	C:\Windows\system32\KERNEL32.DLL
0x00007ff9405c0000 - 0x00007ff9406d5000 	C:\Windows\system32\KERNELBASE.dll
0x00007ff937fa0000 - 0x00007ff937fb8000 	C:\Program Files\Java\jdk-14\bin\jli.dll
0x00007ff93e490000 - 0x00007ff93e4a5000 	C:\Program Files\Java\jdk-14\bin\VCRUNTIME140.dll
0x00007ff93e480000 - 0x00007ff93e484000 	C:\Program Files\Java\jdk-14\bin\api-ms-win-crt-stdio-l1-1-0.dll
0x00007ff93ca40000 - 0x00007ff93ca44000 	C:\Program Files\Java\jdk-14\bin\api-ms-win-crt-runtime-l1-1-0.dll
0x00007ff93c580000 - 0x00007ff93c583000 	C:\Program Files\Java\jdk-14\bin\api-ms-win-crt-environment-l1-1-0.dll
0x00007ff93c560000 - 0x00007ff93c565000 	C:\Program Files\Java\jdk-14\bin\api-ms-win-crt-math-l1-1-0.dll
0x00007ff93b050000 - 0x00007ff93b053000 	C:\Program Files\Java\jdk-14\bin\api-ms-win-crt-locale-l1-1-0.dll
0x00007ff93c530000 - 0x00007ff93c533000 	C:\Program Files\Java\jdk-14\bin\api-ms-win-crt-heap-l1-1-0.dll
0x00007ff943180000 - 0x00007ff94322a000 	C:\Windows\system32\ADVAPI32.dll
0x00007ff93d2f0000 - 0x00007ff93d56b000 	C:\Windows\WinSxS\amd64_microsoft.windows.common-controls_6595b64144ccf1df_6.0.9600.18006_none_623f33d3ecbe86e8\COMCTL32.dll
0x00007ff9412b0000 - 0x00007ff941427000 	C:\Windows\system32\USER32.dll
0x00007ff93add0000 - 0x00007ff93adda000 	C:\Windows\SYSTEM32\VERSION.dll
0x00007ff93c550000 - 0x00007ff93c553000 	C:\Program Files\Java\jdk-14\bin\api-ms-win-crt-filesystem-l1-1-0.dll
0x00007ff93cb00000 - 0x00007ff93cb04000 	C:\Program Files\Java\jdk-14\bin\api-ms-win-crt-string-l1-1-0.dll
0x00007ff93c590000 - 0x00007ff93c594000 	C:\Program Files\Java\jdk-14\bin\api-ms-win-crt-convert-l1-1-0.dll
0x00007ff940a00000 - 0x00007ff940aaa000 	C:\Windows\system32\msvcrt.dll
0x00007ff943110000 - 0x00007ff943169000 	C:\Windows\SYSTEM32\sechost.dll
0x00007ff941770000 - 0x00007ff9418b0000 	C:\Windows\system32\RPCRT4.dll
0x00007ff9418b0000 - 0x00007ff9419ff000 	C:\Windows\system32\GDI32.dll
0x00007ff937b50000 - 0x00007ff937c4c000 	C:\Program Files\Java\jdk-14\bin\ucrtbase.DLL
0x00007ff940540000 - 0x00007ff94056e000 	C:\Windows\system32\SspiCli.dll
0x00007ff943250000 - 0x00007ff943286000 	C:\Windows\system32\IMM32.DLL
0x00007ff941150000 - 0x00007ff9412a2000 	C:\Windows\system32\MSCTF.dll
0x00007ff93ae90000 - 0x00007ff93af2b000 	C:\Program Files\Java\jdk-14\bin\msvcp140.dll
0x00007ff93c540000 - 0x00007ff93c543000 	C:\Program Files\Java\jdk-14\bin\api-ms-win-crt-time-l1-1-0.dll
0x00007ff93c570000 - 0x00007ff93c573000 	C:\Program Files\Java\jdk-14\bin\api-ms-win-crt-utility-l1-1-0.dll
0x00007ff904880000 - 0x00007ff90539f000 	C:\Program Files\Java\jdk-14\bin\server\jvm.dll
0x00007ff928bd0000 - 0x00007ff928bd9000 	C:\Windows\SYSTEM32\WSOCK32.dll
0x00007ff93b660000 - 0x00007ff93b682000 	C:\Windows\SYSTEM32\WINMM.dll
0x00007ff940b70000 - 0x00007ff940b77000 	C:\Windows\system32\PSAPI.DLL
0x00007ff940920000 - 0x00007ff94097a000 	C:\Windows\system32\WS2_32.dll
0x00007ff93b630000 - 0x00007ff93b65a000 	C:\Windows\SYSTEM32\WINMMBASE.dll
0x00007ff9409f0000 - 0x00007ff9409f9000 	C:\Windows\system32\NSI.dll
0x00007ff940570000 - 0x00007ff9405bf000 	C:\Windows\SYSTEM32\cfgmgr32.dll
0x00007ff93f2d0000 - 0x00007ff93f2f8000 	C:\Windows\SYSTEM32\DEVOBJ.dll
0x00007ff93c4b0000 - 0x00007ff93c4ba000 	C:\Program Files\Java\jdk-14\bin\jimage.dll
0x00007ff935f60000 - 0x00007ff9360e9000 	C:\Windows\SYSTEM32\DBGHELP.DLL
0x00007ff93c4c0000 - 0x00007ff93c4e5000 	C:\Program Files\Java\jdk-14\bin\java.dll
0x00007ff93b7c0000 - 0x00007ff93b7d7000 	C:\Program Files\Java\jdk-14\bin\zip.dll
0x00007ff941be0000 - 0x00007ff943109000 	C:\Windows\system32\SHELL32.dll
0x00007ff940f30000 - 0x00007ff941141000 	C:\Windows\SYSTEM32\combase.dll
0x00007ff941700000 - 0x00007ff941754000 	C:\Windows\system32\SHLWAPI.dll
0x00007ff93e960000 - 0x00007ff93ea12000 	C:\Windows\SYSTEM32\SHCORE.dll
0x00007ff9403c0000 - 0x00007ff9403d5000 	C:\Windows\SYSTEM32\profapi.dll
0x00007ff93b090000 - 0x00007ff93b0a9000 	C:\Program Files\Java\jdk-14\bin\net.dll
0x00007ff9384a0000 - 0x00007ff938567000 	C:\Windows\SYSTEM32\WINHTTP.dll
0x00007ff93fc60000 - 0x00007ff93fcb9000 	C:\Windows\system32\mswsock.dll
0x00007ff93b070000 - 0x00007ff93b082000 	C:\Program Files\Java\jdk-14\bin\nio.dll
0x00007ff93ab80000 - 0x00007ff93ab89000 	C:\Program Files\Java\jdk-14\bin\management.dll
0x00007ff93ab70000 - 0x00007ff93ab7b000 	C:\Program Files\Java\jdk-14\bin\management_ext.dll
0x00007ff93aa40000 - 0x00007ff93aa6a000 	C:\Windows\SYSTEM32\IPHLPAPI.DLL
0x00007ff93aaf0000 - 0x00007ff93aafa000 	C:\Windows\SYSTEM32\WINNSI.DLL
0x00007ff93aa10000 - 0x00007ff93aa26000 	C:\Windows\SYSTEM32\dhcpcsvc6.DLL
0x00007ff93a5f0000 - 0x00007ff93a60a000 	C:\Windows\SYSTEM32\dhcpcsvc.DLL
0x00007ff93fa60000 - 0x00007ff93fb04000 	C:\Windows\SYSTEM32\DNSAPI.dll
0x00007ff924390000 - 0x00007ff92439a000 	C:\Windows\System32\rasadhlp.dll
0x00007ff93aa80000 - 0x00007ff93aaeb000 	C:\Windows\System32\fwpuclnt.dll
0x00007ff93b030000 - 0x00007ff93b045000 	C:\Windows\system32\napinsp.dll
0x00007ff9197b0000 - 0x00007ff9197ca000 	C:\Windows\system32\pnrpnsp.dll
0x00007ff93cae0000 - 0x00007ff93cafb000 	C:\Windows\system32\NLAapi.dll
0x00007ff93b020000 - 0x00007ff93b02d000 	C:\Windows\System32\winrnr.dll
0x00007ff9357d0000 - 0x00007ff9357e4000 	C:\Windows\system32\wshbth.dll
0x00007ff93fcc0000 - 0x00007ff93fce0000 	C:\Windows\SYSTEM32\CRYPTSP.dll
0x00007ff93f8e0000 - 0x00007ff93f916000 	C:\Windows\system32\rsaenh.dll
0x00007ff93ff80000 - 0x00007ff93ffa6000 	C:\Windows\SYSTEM32\bcrypt.dll
0x00007ff93f9f0000 - 0x00007ff93fa11000 	C:\Windows\SYSTEM32\USERENV.dll
0x00007ff940290000 - 0x00007ff9402f3000 	C:\Windows\system32\bcryptprimitives.dll
0x00007ff940300000 - 0x00007ff94030b000 	C:\Windows\SYSTEM32\CRYPTBASE.dll
0x00007ff93ab60000 - 0x00007ff93ab6e000 	C:\Program Files\Java\jdk-14\bin\sunmscapi.dll
0x00007ff940740000 - 0x00007ff94091f000 	C:\Windows\system32\CRYPT32.dll
0x00007ff93ff50000 - 0x00007ff93ff75000 	C:\Windows\SYSTEM32\ncrypt.dll
0x00007ff940470000 - 0x00007ff940481000 	C:\Windows\system32\MSASN1.dll
0x00007ff93ff10000 - 0x00007ff93ff47000 	C:\Windows\SYSTEM32\NTASN1.dll
0x00007ff938790000 - 0x00007ff9387b5000 	C:\Program Files\Java\jdk-14\bin\sunec.dll

dbghelp: loaded successfully - version: 4.0.5 - missing functions: none
symbol engine: initialized successfully - sym options: 0x614 - pdb path: .;C:\Program Files\Java\jdk-14\bin;C:\Windows\SYSTEM32;C:\Windows\WinSxS\amd64_microsoft.windows.common-controls_6595b64144ccf1df_6.0.9600.18006_none_623f33d3ecbe86e8;C:\Program Files\Java\jdk-14\bin\server

VM Arguments:
jvm_args: -XX:TieredStopAtLevel=1 -Xverify:none -XX:TieredStopAtLevel=1 
java_command: com.microservices.currency.exchange.service.Application
java_class_path (initial): D:\Java\n32m\Springboot-microservices\currency-exchange-service\target\classes;C:\Users\PC\.m2\repository\ch\qos\logback\logback-classic\1.2.11\logback-classic-1.2.11.jar;C:\Users\PC\.m2\repository\ch\qos\logback\logback-core\1.2.11\logback-core-1.2.11.jar;C:\Users\PC\.m2\repository\org\apache\logging\log4j\log4j-to-slf4j\2.17.2\log4j-to-slf4j-2.17.2.jar;C:\Users\PC\.m2\repository\org\apache\logging\log4j\log4j-api\2.17.2\log4j-api-2.17.2.jar;C:\Users\PC\.m2\repository\org\slf4j\jul-to-slf4j\1.7.36\jul-to-slf4j-1.7.36.jar;C:\Users\PC\.m2\repository\jakarta\annotation\jakarta.annotation-api\1.3.5\jakarta.annotation-api-1.3.5.jar;C:\Users\PC\.m2\repository\org\yaml\snakeyaml\1.29\snakeyaml-1.29.jar;C:\Users\PC\.m2\repository\org\springframework\boot\spring-boot-actuator-autoconfigure\2.6.5\spring-boot-actuator-autoconfigure-2.6.5.jar;C:\Users\PC\.m2\repository\org\springframework\boot\spring-boot-actuator\2.6.5\spring-boot-actuator-2.6.5.jar;C:\Users\PC\.m2\repository\com\fasterxml\jackson\datatype\jackson-datatype-jsr310\2.13.2\jackson-datatype-jsr310-2.13.2.jar;C:\Users\PC\.m2\repository\io\micrometer\micrometer-core\1.8.4\micrometer-core-1.8.4.jar;C:\Users\PC\.m2\repository\org\hdrhistogram\HdrHistogram\2.1.12\HdrHistogram-2.1.12.jar;C:\Users\PC\.m2\repository\org\latencyutils\LatencyUtils\2.0.3\LatencyUtils-2.0.3.jar;C:\Users\PC\.m2\repository\com\fasterxml\jackson\datatype\jackson-datatype-jdk8\2.13.2\jackson-datatype-jdk8-2.13.2.jar;C:\Users\PC\.m2\repository\com\fasterxml\jackson\module\jackson-module-parameter-names\2.13.2\jackson-module-parameter-names-2.13.2.jar;C:\Users\PC\.m2\repository\org\apache\tomcat\embed\tomcat-embed-core\9.0.60\tomcat-embed-core-9.0.60.jar;C:\Users\PC\.m2\repository\org\apache\tomcat\embed\tomcat-embed-el\9.0.60\tomcat-embed-el-9.0.60.jar;C:\Users\PC\.m2\repository\org\apache\tomcat\embed\tomcat-embed-websocket\9.0.60\tomcat-embed-websocket-9.0.60.jar;C:\Users\PC\.m2\repository\org\springframework\spring
Launcher Type: SUN_STANDARD

[Global flags]
     intx CICompilerCount                          = 3                                         {product} {ergonomic}
     uint ConcGCThreads                            = 1                                         {product} {ergonomic}
     uint G1ConcRefinementThreads                  = 4                                         {product} {ergonomic}
   size_t G1HeapRegionSize                         = 1048576                                   {product} {ergonomic}
    uintx GCDrainStackTargetSize                   = 64                                        {product} {ergonomic}
   size_t InitialHeapSize                          = 134217728                                 {product} {ergonomic}
   size_t MarkStackSize                            = 4194304                                   {product} {ergonomic}
   size_t MaxHeapSize                              = 2120220672                                {product} {ergonomic}
   size_t MaxNewSize                               = 1271922688                                {product} {ergonomic}
   size_t MinHeapDeltaBytes                        = 1048576                                   {product} {ergonomic}
   size_t MinHeapSize                              = 8388608                                   {product} {ergonomic}
    uintx NonNMethodCodeHeapSize                   = 6973028                                {pd product} {ergonomic}
    uintx NonProfiledCodeHeapSize                  = 244685212                              {pd product} {ergonomic}
    uintx ProfiledCodeHeapSize                     = 0                                      {pd product} {ergonomic}
    uintx ReservedCodeCacheSize                    = 251658240                              {pd product} {ergonomic}
     bool SegmentedCodeCache                       = true                                      {product} {ergonomic}
   size_t SoftMaxHeapSize                          = 2120220672                             {manageable} {ergonomic}
     intx TieredStopAtLevel                        = 1                                         {product} {command line}
     bool UseCompressedClassPointers               = true                                 {lp64_product} {ergonomic}
     bool UseCompressedOops                        = true                                 {lp64_product} {ergonomic}
     bool UseG1GC                                  = true                                      {product} {ergonomic}
     bool UseLargePagesIndividualAllocation        = false                                  {pd product} {ergonomic}

Logging:
Log output configuration:
 #0: stdout all=warning uptime,level,tags
 #1: stderr all=off uptime,level,tags

Environment Variables:
JAVA_HOME=C:\Program Files\Java\jdk-14
PATH=C:\Program Files\Java\jdk-14\bin;C:\Users\PC\introcs\java\bin;C:\Program Files (x86)\Intel\TXE Components\TCS\;C:\Program Files\Intel\TXE Components\TCS\;C:\ProgramData\Oracle\Java\javapath;C:\Windows\system32;C:\Windows;C:\Windows\System32\Wbem;C:\Windows\System32\WindowsPowerShell\v1.0\;C:\Program Files (x86)\QuickTime\QTSystem\;C:\Program Files (x86)\Skype\Phone\;C:\Program Files (x86)\Windows Kits\8.1\Windows Performance Toolkit\;C:\Program Files\Microsoft SQL Server\110\Tools\Binn\;c:\Program Files (x86)\Microsoft SQL Server\110\Tools\Binn\;c:\Program Files\Microsoft SQL Server\110\DTS\Binn\;C:\Program Files\Java\jdk-13.0.2\bin;C:\Program Files\Git\cmd;C:\Users\PC\AppData\Local\Programs\Python\Python38-32\Scripts\;C:\Users\PC\AppData\Local\Programs\Python\Python38-32\;C:\Program Files\Java\jdk-14\bin;C:\Users\PC\introcs\j3d\bin;C:\Users\PC\introcs\bin;C:\Users\PC\introcs\java\bin;C:\Python27;C:\Program Files\Docker Toolbox
USERNAME=PC
OS=Windows_NT
PROCESSOR_IDENTIFIER=Intel64 Family 6 Model 55 Stepping 8, GenuineIntel



---------------  S Y S T E M  ---------------

OS: Windows 8.1 , 64 bit Build 9600 (6.3.9600.17415)
OS uptime: 0 days 20:27 hours

CPU:total 4 (initial active 4) (4 cores per cpu, 1 threads per core) family 6 model 55 stepping 8, cmov, cx8, fxsr, mmx, sse, sse2, sse3, ssse3, sse4.1, sse4.2, popcnt, clmul, erms, 3dnowpref, tsc, tscinvbit

Memory: 4k page, system-wide physical 8083M (946M free)
TotalPageFile size 8083M (AvailPageFile size 14M)
current process WorkingSet (physical memory assigned to process): 360M, peak: 360M
current process commit charge ("private bytes"): 399M, peak: 410M

vm_info: Java HotSpot(TM) 64-Bit Server VM (14+36-1461) for windows-amd64 JRE (14+36-1461), built on Feb  6 2020 19:08:04 by "mach5one" with MS VC++ 15.9 (VS2017)

END.
